[20:13:52] [Client thread/INFO] [JMLogger] JourneyMap log initialized.
[20:13:52] [Client thread/INFO] [JourneymapClient] ensureCurrent ENTER
[20:13:53] [Client thread/INFO] [PropertiesBase] Loaded CoreProperties from C:\Users\Lord\Feed the Beast\direwolf20_17\minecraft\journeymap\config\5.1\journeymap.core.config
[20:13:53] [Client thread/INFO] [PropertiesBase] Loaded FullMapProperties from C:\Users\Lord\Feed the Beast\direwolf20_17\minecraft\journeymap\config\5.1\journeymap.fullmap.config
[20:13:53] [Client thread/INFO] [PropertiesBase] Loaded MiniMapProperties from C:\Users\Lord\Feed the Beast\direwolf20_17\minecraft\journeymap\config\5.1\journeymap.minimap.config
[20:13:53] [Client thread/INFO] [PropertiesBase] Loaded MiniMapProperties2 from C:\Users\Lord\Feed the Beast\direwolf20_17\minecraft\journeymap\config\5.1\journeymap.minimap2.config
[20:13:53] [Client thread/INFO] [PropertiesBase] Loaded WebMapProperties from C:\Users\Lord\Feed the Beast\direwolf20_17\minecraft\journeymap\config\5.1\journeymap.webmap.config
[20:13:53] [Client thread/INFO] [PropertiesBase] Loaded WaypointProperties from C:\Users\Lord\Feed the Beast\direwolf20_17\minecraft\journeymap\config\5.1\journeymap.waypoint.config
[20:13:53] [Client thread/INFO] [?] Version: JourneyMap 5.1.3 Unlimited, built with Forge 10.13.4.1558
Forge: 10.13.4.1558
Environment: os.name, os.arch, java.version, user.country, user.language=null, game language=en_US, locale=en_us
Unlimited Features: 
	RadarPlayers : singleplayer = true , multiplayer = true
	RadarAnimals : singleplayer = true , multiplayer = true
	RadarMobs : singleplayer = true , multiplayer = true
	RadarVillagers : singleplayer = true , multiplayer = true
	MapCaves : singleplayer = true , multiplayer = true
MiniMapProperties{entityIconSetName=2D, showAnimals=true, showMobs=true, showPets=true, showPlayers=true, showSelf=true, showVillagers=true, showWaypoints=true, zoomLevel=0, fontScale=1, locationFormat=xzyv, locationFormatVerbose=true, showCaves=true, showWaypointLabels=true, showMobHeading=true, showPlayerHeading=true, textureSmall=true, active=true, compassFontScale=1, enabled=true, frameAlpha=100, name=minimap, orientation=North, position=Top Right, preferredMapType=day, reticleOrientation=Compass, shape=Circle, showBiome=true, showCompass=true, showFps=false, showLocation=true, showReticle=true, sizePercent=30, terrainAlpha=100}
MiniMapProperties2{enabled=true, shape=Rectangle, position=Top Center, showFps=false, showBiome=true, showLocation=true, showWaypointLabels=true, sizePercent=30, frameAlpha=60, terrainAlpha=60, orientation=My Heading, compassFontScale=1, showCompass=true, showReticle=true, reticleOrientation=Compass, preferredMapType=day, name=minimap2, id=2}
FullMapProperties{entityIconSetName=2D, showAnimals=true, showMobs=true, showPets=true, showPlayers=true, showSelf=true, showVillagers=true, showWaypoints=true, zoomLevel=1, fontScale=1, locationFormat=xzyv, locationFormatVerbose=true, showCaves=true, showWaypointLabels=true, showMobHeading=true, showPlayerHeading=true, textureSmall=true, preferredMapType=day, showGrid=true}
WaypointProperties{autoHideLabel=true, beaconEnabled=true, boldLabel=false, createDeathpoints=true, fontScale=2, managerEnabled=true, maxDistance=0, name=waypoint, showDistance=true, showName=true, showRotatingBeam=true, showStaticBeam=true, showTexture=true, textureSmall=true}
WebMapProperties: , enabled=false, port=8080, showMobs=true, showAnimals=true, showVillagers=true, showPets=true, showPlayers=true, showWaypoints=true, entityIconSetName=2D
CoreProperties{announceMod=true, autoMapPoll=2000, browserPoll=2000, cacheAnimalsData=3100, cacheMobsData=3000, cachePlayerData=1000, cachePlayersData=2000, cacheVillagersData=2200, caveIgnoreGlass=true, isUpdateCheckEnabled=true, renderDelay=2, hideSneakingEntities=true, logLevel=INFO, mapAntialiasing=true, mapBathymetry=false, mapCaveLighting=true, mapCrops=true, mapPlants=false, mapPlantShadows=false, mapSurfaceAboveCaves=true, tileHighDisplayQuality=true, mapTransparency=true, maxAnimalsData=32, maxMobsData=32, maxPlayersData=32, maxVillagersData=32, optionsManagerViewed=, radarLateralDistance=64, radarVerticalDistance=16, recordCacheStats=false, renderOverlayEventTypeName=ALL, renderOverlayPreEvent=true, renderDistanceCaveMin=3, renderDistanceCaveMax=3, renderDistanceSurfaceMin=4, renderDistanceSurfaceMax=6, revealShape=Circle, themeName=Victorian, tileRenderType=1}
[20:13:53] [Client thread/DEBUG] [StatTimer] elapsed was slow: 1554.386717
[20:13:53] [Client thread/INFO] [JourneymapClient] ensureCurrent EXIT, elapsed§8 count §r1§8 avg §r§r1554.39§8ms§r
[20:15:19] [Client thread/INFO] [JourneymapClient] postInitialize ENTER
[20:15:19] [Client thread/DEBUG] [EventHandlerManager] journeymap.client.forge.event.ChatEventHandler registered in MinecraftForgeBus
[20:15:19] [Client thread/DEBUG] [EventHandlerManager] journeymap.client.forge.event.StateTickHandler registered in FMLCommonHandlerBus
[20:15:19] [Client thread/DEBUG] [EventHandlerManager] journeymap.client.forge.event.WorldEventHandler registered in MinecraftForgeBus
[20:15:19] [Client thread/DEBUG] [EventHandlerManager] journeymap.client.forge.event.ChunkUpdateHandler registered in MinecraftForgeBus
[20:15:19] [Client thread/DEBUG] [EventHandlerManager] journeymap.client.forge.event.WaypointBeaconHandler registered in MinecraftForgeBus
[20:15:19] [Client thread/DEBUG] [EventHandlerManager] journeymap.client.forge.event.TextureAtlasHandler registered in MinecraftForgeBus
[20:15:19] [Client thread/INFO] [WorldInfoHandler] Registered channel: world_info
[20:15:19] [Client thread/DEBUG] [EventHandlerManager] journeymap.client.forge.event.MiniMapOverlayHandler registered in MinecraftForgeBus
[20:15:19] [Client thread/DEBUG] [EventHandlerManager] journeymap.client.forge.event.KeyEventHandler registered in FMLCommonHandlerBus
[20:15:19] [Client thread/INFO] [IconSetFileHandler] Initializing icon sets...
[20:15:19] [Client thread/TRACE] [ThemeFileHandler] Initializing themes ...
[20:15:20] [Client thread/DEBUG] [PropertiesBase] Saved journeymap.webmap.config
[20:15:20] [Client thread/INFO] [JourneymapClient] postInitialize EXIT, elapsed§8 count §r1§8 avg §r896.13§8ms§r
[20:15:20] [JM-VersionCheck-1/INFO] [VersionCheck$1] Newer version online: JourneyMap 5.1.4 for Minecraft 1.7.10 on http://minecraft.curseforge.com/projects/journeymap-32274/files/2283867
[20:16:50] [Client thread/INFO] [ColorManager] Loading blocks and textures...
[20:16:50] [Client thread/INFO] [ModBlockDelegate] Registered IModBlockHandler journeymap.client.model.mod.CarpentersBlocks$CommonHandler for: 'BlockMD [CarpentersBlocks:blockCarpentersBlock:0] (SpecialHandling)'.
[20:16:50] [Client thread/INFO] [ModBlockDelegate] Registered IModBlockHandler journeymap.client.model.mod.CarpentersBlocks$CommonHandler for: 'BlockMD [CarpentersBlocks:blockCarpentersBarrier:0] (SpecialHandling)'.
[20:16:50] [Client thread/INFO] [ModBlockDelegate] Registered IModBlockHandler journeymap.client.model.mod.CarpentersBlocks$CommonHandler for: 'BlockMD [CarpentersBlocks:blockCarpentersBed:0] (SpecialHandling)'.
[20:16:50] [Client thread/INFO] [ModBlockDelegate] Registered IModBlockHandler journeymap.client.model.mod.CarpentersBlocks$CommonHandler for: 'BlockMD [CarpentersBlocks:blockCarpentersButton:0] (SpecialHandling)'.
[20:16:50] [Client thread/INFO] [ModBlockDelegate] Registered IModBlockHandler journeymap.client.model.mod.CarpentersBlocks$CommonHandler for: 'BlockMD [CarpentersBlocks:blockCarpentersCollapsibleBlock:0] (SpecialHandling)'.
[20:16:50] [Client thread/INFO] [ModBlockDelegate] Registered IModBlockHandler journeymap.client.model.mod.CarpentersBlocks$CommonHandler for: 'BlockMD [CarpentersBlocks:blockCarpentersDaylightSensor:0] (SpecialHandling)'.
[20:16:50] [Client thread/INFO] [ModBlockDelegate] Registered IModBlockHandler journeymap.client.model.mod.CarpentersBlocks$CommonHandler for: 'BlockMD [CarpentersBlocks:blockCarpentersDoor:0] (SpecialHandling)'.
[20:16:50] [Client thread/INFO] [ModBlockDelegate] Registered IModBlockHandler journeymap.client.model.mod.CarpentersBlocks$CommonHandler for: 'BlockMD [CarpentersBlocks:blockCarpentersFlowerPot:0] (SpecialHandling)'.
[20:16:50] [Client thread/INFO] [ModBlockDelegate] Registered IModBlockHandler journeymap.client.model.mod.CarpentersBlocks$CommonHandler for: 'BlockMD [CarpentersBlocks:blockCarpentersGarageDoor:0] (SpecialHandling)'.
[20:16:50] [Client thread/INFO] [ModBlockDelegate] Registered IModBlockHandler journeymap.client.model.mod.CarpentersBlocks$CommonHandler for: 'BlockMD [CarpentersBlocks:blockCarpentersGate:0] (SpecialHandling)'.
[20:16:50] [Client thread/INFO] [ModBlockDelegate] Registered IModBlockHandler journeymap.client.model.mod.CarpentersBlocks$CommonHandler for: 'BlockMD [CarpentersBlocks:blockCarpentersHatch:0] (SpecialHandling)'.
[20:16:50] [Client thread/INFO] [ModBlockDelegate] Registered IModBlockHandler journeymap.client.model.mod.CarpentersBlocks$CommonHandler for: 'BlockMD [CarpentersBlocks:blockCarpentersLadder:0] (OpenToSky,SpecialHandling)'.
[20:16:50] [Client thread/INFO] [ModBlockDelegate] Registered IModBlockHandler journeymap.client.model.mod.CarpentersBlocks$CommonHandler for: 'BlockMD [CarpentersBlocks:blockCarpentersLever:0] (SpecialHandling)'.
[20:16:50] [Client thread/INFO] [ModBlockDelegate] Registered IModBlockHandler journeymap.client.model.mod.CarpentersBlocks$CommonHandler for: 'BlockMD [CarpentersBlocks:blockCarpentersPressurePlate:0] (SpecialHandling)'.
[20:16:50] [Client thread/INFO] [ModBlockDelegate] Registered IModBlockHandler journeymap.client.model.mod.CarpentersBlocks$CommonHandler for: 'BlockMD [CarpentersBlocks:blockCarpentersSafe:0] (SpecialHandling)'.
[20:16:50] [Client thread/INFO] [ModBlockDelegate] Registered IModBlockHandler journeymap.client.model.mod.CarpentersBlocks$CommonHandler for: 'BlockMD [CarpentersBlocks:blockCarpentersSlope:0] (SpecialHandling)'.
[20:16:50] [Client thread/INFO] [ModBlockDelegate] Registered IModBlockHandler journeymap.client.model.mod.CarpentersBlocks$CommonHandler for: 'BlockMD [CarpentersBlocks:blockCarpentersSlope:1] (SpecialHandling)'.
[20:16:50] [Client thread/INFO] [ModBlockDelegate] Registered IModBlockHandler journeymap.client.model.mod.CarpentersBlocks$CommonHandler for: 'BlockMD [CarpentersBlocks:blockCarpentersSlope:2] (SpecialHandling)'.
[20:16:50] [Client thread/INFO] [ModBlockDelegate] Registered IModBlockHandler journeymap.client.model.mod.CarpentersBlocks$CommonHandler for: 'BlockMD [CarpentersBlocks:blockCarpentersSlope:3] (SpecialHandling)'.
[20:16:50] [Client thread/INFO] [ModBlockDelegate] Registered IModBlockHandler journeymap.client.model.mod.CarpentersBlocks$CommonHandler for: 'BlockMD [CarpentersBlocks:blockCarpentersSlope:4] (SpecialHandling)'.
[20:16:50] [Client thread/INFO] [ModBlockDelegate] Registered IModBlockHandler journeymap.client.model.mod.CarpentersBlocks$CommonHandler for: 'BlockMD [CarpentersBlocks:blockCarpentersStairs:0] (SpecialHandling)'.
[20:16:50] [Client thread/INFO] [BlockMD] Built BlockMD cache (12501) : BlockMD.reset count 1 avg 472.63ms
[20:16:50] [Client thread/INFO] [ColorHelper_1_7_10] initBlocksTexture: 4096x2048 loaded in 260.179879ms
[20:16:51] [Client thread/INFO] [ColorPalette] Existing color palette's resource packs and mod names match current loadout.
[20:16:51] [Client thread/INFO] [ColorManager] Loaded 10514 block colors from color palette file in 88ms: C:\Users\Lord\Feed the Beast\direwolf20_17\minecraft\journeymap\colorpalette.json
[20:16:51] [Client thread/WARN] [ColorHelper_1_7_10] Error getting block color from mod. Plese report this exception to the mod author of Steamcraft:steamcraftOre: java.lang.NullPointerException
	at flaxbeard.steamcraft.block.BlockSteamcraftOre.func_149691_a(BlockSteamcraftOre.java:45)
	at journeymap.client.forge.helper.impl.ColorHelper_1_7_10.getDirectIcon(ColorHelper_1_7_10.java:215)
	at journeymap.client.forge.helper.impl.ColorHelper_1_7_10.getTextureColor(ColorHelper_1_7_10.java:128)
[20:16:51] [Client thread/WARN] [ColorHelper_1_7_10] Error getting block color from mod. Plese report this exception to the mod author of Steamcraft:steamcraftOre: java.lang.NullPointerException
	at flaxbeard.steamcraft.block.BlockSteamcraftOre.func_149691_a(BlockSteamcraftOre.java:45)
	at journeymap.client.forge.helper.impl.ColorHelper_1_7_10.getDirectIcon(ColorHelper_1_7_10.java:215)
	at journeymap.client.forge.helper.impl.ColorHelper_1_7_10.getTextureColor(ColorHelper_1_7_10.java:128)
[20:16:51] [Client thread/WARN] [ColorHelper_1_7_10] Error getting block color from mod. Plese report this exception to the mod author of Steamcraft:steamcraftOre: java.lang.NullPointerException
	at flaxbeard.steamcraft.block.BlockSteamcraftOre.func_149691_a(BlockSteamcraftOre.java:45)
	at journeymap.client.forge.helper.impl.ColorHelper_1_7_10.getDirectIcon(ColorHelper_1_7_10.java:215)
	at journeymap.client.forge.helper.impl.ColorHelper_1_7_10.getTextureColor(ColorHelper_1_7_10.java:128)
[20:16:51] [Client thread/INFO] [ColorManager] Initialized 135 block colors from mods and resource packs in 65ms
[20:16:51] [Client thread/WARN] [ColorPalette] Block with Error flag won't be saved to color palette: BlockMD [Thaumcraft:blockAiry:0] (Transparency,Error)
[20:16:51] [Client thread/WARN] [ColorPalette] Block with Error flag won't be saved to color palette: BlockMD [Steamcraft:hellCrucible:0] (Transparency,Error)
[20:16:51] [Client thread/WARN] [ColorPalette] Block with Error flag won't be saved to color palette: BlockMD [AWWayofTime:spectralContainer:0] (Transparency,Error)
[20:16:51] [Client thread/WARN] [ColorPalette] Block with Error flag won't be saved to color palette: BlockMD [CarpentersBlocks:blockCarpentersHatch:0] (Transparency,Error,SpecialHandling)
[20:16:51] [Client thread/WARN] [ColorPalette] Block with Error flag won't be saved to color palette: BlockMD [Steamcraft:thumper:0] (Transparency,Error)
[20:16:51] [Client thread/WARN] [ColorPalette] Block with Error flag won't be saved to color palette: BlockMD [ThaumicExploration:thinkTankJar:0] (OpenToSky,Transparency,Error,TransparentRoof)
[20:16:51] [Client thread/WARN] [ColorPalette] Block with Error flag won't be saved to color palette: BlockMD [Thaumcraft:blockEldritchNothing:0] (Transparency,Error)
[20:16:51] [Client thread/WARN] [ColorPalette] Block with Error flag won't be saved to color palette: BlockMD [Steamcraft:mold:0] (Transparency,Error)
[20:16:51] [Client thread/WARN] [ColorPalette] Block with Error flag won't be saved to color palette: BlockMD [Thaumcraft:blockPortalEldritch:0] (Transparency,Error)
[20:16:51] [Client thread/WARN] [ColorPalette] Block with Error flag won't be saved to color palette: BlockMD [CarpentersBlocks:blockCarpentersGarageDoor:0] (Transparency,Error,SpecialHandling)
[20:16:51] [Client thread/WARN] [ColorPalette] Block with Error flag won't be saved to color palette: BlockMD [witchery:force:0] (Transparency,Error)
[20:16:51] [Client thread/WARN] [ColorPalette] Block with Error flag won't be saved to color palette: BlockMD [CarpentersBlocks:blockCarpentersStairs:0] (Transparency,Error,SpecialHandling)
[20:16:51] [Client thread/WARN] [ColorPalette] Block with Error flag won't be saved to color palette: BlockMD [CarpentersBlocks:blockCarpentersBed:0] (Transparency,Error,SpecialHandling)
[20:16:51] [Client thread/WARN] [ColorPalette] Block with Error flag won't be saved to color palette: BlockMD [Steamcraft:hammer:0] (Transparency,Error)
[20:16:51] [Client thread/WARN] [ColorPalette] Block with Error flag won't be saved to color palette: BlockMD [CarpentersBlocks:blockCarpentersSafe:0] (Transparency,Error,SpecialHandling)
[20:16:51] [Client thread/WARN] [ColorPalette] Block with Error flag won't be saved to color palette: BlockMD [Steamcraft:pump:0] (Transparency,Error)
[20:16:51] [Client thread/WARN] [ColorPalette] Block with Error flag won't be saved to color palette: BlockMD [CarpentersBlocks:blockCarpentersBlock:0] (Transparency,Error,SpecialHandling)
[20:16:51] [Client thread/WARN] [ColorPalette] Block with Error flag won't be saved to color palette: BlockMD [AWWayofTime:bloodLight:0] (Transparency,Error)
[20:16:51] [Client thread/WARN] [ColorPalette] Block with Error flag won't be saved to color palette: BlockMD [CarpentersBlocks:blockCarpentersSlope:3] (Transparency,Error,SpecialHandling)
[20:16:51] [Client thread/WARN] [ColorPalette] Block with Error flag won't be saved to color palette: BlockMD [CarpentersBlocks:blockCarpentersSlope:4] (Transparency,Error,SpecialHandling)
[20:16:51] [Client thread/WARN] [ColorPalette] Block with Error flag won't be saved to color palette: BlockMD [CarpentersBlocks:blockCarpentersSlope:0] (Transparency,Error,SpecialHandling)
[20:16:51] [Client thread/WARN] [ColorPalette] Block with Error flag won't be saved to color palette: BlockMD [CarpentersBlocks:blockCarpentersSlope:1] (Transparency,Error,SpecialHandling)
[20:16:51] [Client thread/WARN] [ColorPalette] Block with Error flag won't be saved to color palette: BlockMD [CarpentersBlocks:blockCarpentersSlope:2] (Transparency,Error,SpecialHandling)
[20:16:51] [Client thread/WARN] [ColorPalette] Block with Error flag won't be saved to color palette: BlockMD [Thaumcraft:blockWarded:0] (Transparency,Error)
[20:16:51] [Client thread/WARN] [ColorPalette] Block with Error flag won't be saved to color palette: BlockMD [CarpentersBlocks:blockCarpentersLadder:0] (OpenToSky,Transparency,Error,SpecialHandling)
[20:16:51] [Client thread/WARN] [ColorPalette] Block with Error flag won't be saved to color palette: BlockMD [adventurersamulets:AdventurersAmulets_waterOrb:0] (OpenToSky,Transparency,Error,TransparentRoof)
[20:16:51] [Client thread/WARN] [ColorPalette] Block with Error flag won't be saved to color palette: BlockMD [icbm:warhead:2] (Transparency,Error)
[20:16:51] [Client thread/WARN] [ColorPalette] Block with Error flag won't be saved to color palette: BlockMD [Steamcraft:vacuum:0] (Transparency,Error)
[20:16:51] [Client thread/WARN] [ColorPalette] Block with Error flag won't be saved to color palette: BlockMD [ForgeMultipart:block:0] (Transparency,Error)
[20:16:51] [Client thread/WARN] [ColorPalette] Block with Error flag won't be saved to color palette: BlockMD [CarpentersBlocks:blockCarpentersDaylightSensor:0] (Transparency,Error,SpecialHandling)
[20:16:51] [Client thread/WARN] [ColorPalette] Block with Error flag won't be saved to color palette: BlockMD [CarpentersBlocks:blockCarpentersCollapsibleBlock:0] (Transparency,Error,SpecialHandling)
[20:16:51] [Client thread/WARN] [ColorPalette] Block with Error flag won't be saved to color palette: BlockMD [chisel:glass_pane:4] (OpenToSky,Transparency,Error,TransparentRoof)
[20:16:51] [Client thread/WARN] [ColorPalette] Block with Error flag won't be saved to color palette: BlockMD [essentialcraft:chest:0] (Transparency,Error)
[20:16:51] [Client thread/WARN] [ColorPalette] Block with Error flag won't be saved to color palette: BlockMD [essentialcraft:chest:1] (Transparency,Error)
[20:16:51] [Client thread/WARN] [ColorPalette] Block with Error flag won't be saved to color palette: BlockMD [CarpentersBlocks:blockCarpentersGate:0] (Transparency,Error,SpecialHandling)
[20:16:51] [Client thread/WARN] [ColorPalette] Block with Error flag won't be saved to color palette: BlockMD [Steamcraft:fan:0] (Transparency,Error)
[20:16:51] [Client thread/WARN] [ColorPalette] Block with Error flag won't be saved to color palette: BlockMD [factorization:Lightair:0] (HasAir,OpenToSky,NoShadow,Transparency,Error)
[20:16:51] [Client thread/WARN] [ColorPalette] Block with Error flag won't be saved to color palette: BlockMD [CarpentersBlocks:blockCarpentersBarrier:0] (Transparency,Error,SpecialHandling)
[20:16:51] [Client thread/WARN] [ColorPalette] Block with Error flag won't be saved to color palette: BlockMD [CarpentersBlocks:blockCarpentersButton:0] (Transparency,Error,SpecialHandling)
[20:16:51] [Client thread/WARN] [ColorPalette] Block with Error flag won't be saved to color palette: BlockMD [CarpentersBlocks:blockCarpentersPressurePlate:0] (Transparency,Error,SpecialHandling)
[20:16:51] [Client thread/WARN] [ColorPalette] Block with Error flag won't be saved to color palette: BlockMD [CarpentersBlocks:blockCarpentersDoor:0] (Transparency,Error,SpecialHandling)
[20:16:51] [Client thread/WARN] [ColorPalette] Block with Error flag won't be saved to color palette: BlockMD [adventurersamulets:AdventurersAmulets_lightOrb:0] (OpenToSky,Transparency,Error,TransparentRoof)
[20:16:51] [Client thread/WARN] [ColorPalette] Block with Error flag won't be saved to color palette: BlockMD [Steamcraft:itemMortar:0] (Transparency,Error)
[20:16:51] [Client thread/WARN] [ColorPalette] Block with Error flag won't be saved to color palette: BlockMD [Steamcraft:thumperDummy:0] (Transparency,Error)
[20:16:51] [Client thread/WARN] [ColorPalette] Block with Error flag won't be saved to color palette: BlockMD [TwilightForest:tile.HugeLilyPad:0] (NoShadow,Transparency,Error,Plant,NoTopo)
[20:16:51] [Client thread/WARN] [ColorPalette] Block with Error flag won't be saved to color palette: BlockMD [Steamcraft:crucible:0] (Transparency,Error)
[20:16:51] [Client thread/WARN] [ColorPalette] Block with Error flag won't be saved to color palette: BlockMD [Botania:buriedPetals:0] (NoShadow,Transparency,Error,Plant,NoTopo)
[20:16:51] [Client thread/WARN] [ColorPalette] Block with Error flag won't be saved to color palette: BlockMD [Botania:buriedPetals:2] (NoShadow,Transparency,Error,Plant,NoTopo)
[20:16:51] [Client thread/WARN] [ColorPalette] Block with Error flag won't be saved to color palette: BlockMD [Botania:buriedPetals:1] (NoShadow,Transparency,Error,Plant,NoTopo)
[20:16:51] [Client thread/WARN] [ColorPalette] Block with Error flag won't be saved to color palette: BlockMD [Botania:buriedPetals:4] (NoShadow,Transparency,Error,Plant,NoTopo)
[20:16:51] [Client thread/WARN] [ColorPalette] Block with Error flag won't be saved to color palette: BlockMD [Botania:buriedPetals:3] (NoShadow,Transparency,Error,Plant,NoTopo)
[20:16:51] [Client thread/WARN] [ColorPalette] Block with Error flag won't be saved to color palette: BlockMD [Botania:buriedPetals:6] (NoShadow,Transparency,Error,Plant,NoTopo)
[20:16:51] [Client thread/WARN] [ColorPalette] Block with Error flag won't be saved to color palette: BlockMD [Botania:buriedPetals:5] (NoShadow,Transparency,Error,Plant,NoTopo)
[20:16:51] [Client thread/WARN] [ColorPalette] Block with Error flag won't be saved to color palette: BlockMD [Botania:buriedPetals:8] (NoShadow,Transparency,Error,Plant,NoTopo)
[20:16:51] [Client thread/WARN] [ColorPalette] Block with Error flag won't be saved to color palette: BlockMD [Botania:buriedPetals:7] (NoShadow,Transparency,Error,Plant,NoTopo)
[20:16:51] [Client thread/WARN] [ColorPalette] Block with Error flag won't be saved to color palette: BlockMD [Botania:buriedPetals:10] (NoShadow,Transparency,Error,Plant,NoTopo)
[20:16:51] [Client thread/WARN] [ColorPalette] Block with Error flag won't be saved to color palette: BlockMD [Botania:buriedPetals:9] (NoShadow,Transparency,Error,Plant,NoTopo)
[20:16:51] [Client thread/WARN] [ColorPalette] Block with Error flag won't be saved to color palette: BlockMD [Botania:buriedPetals:12] (NoShadow,Transparency,Error,Plant,NoTopo)
[20:16:51] [Client thread/WARN] [ColorPalette] Block with Error flag won't be saved to color palette: BlockMD [Botania:buriedPetals:11] (NoShadow,Transparency,Error,Plant,NoTopo)
[20:16:51] [Client thread/WARN] [ColorPalette] Block with Error flag won't be saved to color palette: BlockMD [Botania:buriedPetals:14] (NoShadow,Transparency,Error,Plant,NoTopo)
[20:16:51] [Client thread/WARN] [ColorPalette] Block with Error flag won't be saved to color palette: BlockMD [Botania:buriedPetals:13] (NoShadow,Transparency,Error,Plant,NoTopo)
[20:16:51] [Client thread/WARN] [ColorPalette] Block with Error flag won't be saved to color palette: BlockMD [Botania:buriedPetals:15] (NoShadow,Transparency,Error,Plant,NoTopo)
[20:16:52] [Client thread/INFO] [ColorPalette] Color palette file generated with 10514 colors in 567ms for: C:\Users\Lord\Feed the Beast\direwolf20_17\minecraft\journeymap\colorpalette.json
[20:16:52] [Client thread/INFO] [ColorManager] Updated color palette file: C:\Users\Lord\Feed the Beast\direwolf20_17\minecraft\journeymap\colorpalette.json
[20:24:18] [Client thread/INFO] [WorldInfoHandler] Requesting World ID
[20:24:40] [Client thread/INFO] [WorldInfoHandler] Requesting World ID
[20:24:42] [Client thread/INFO] [WaypointStore] Loaded 32 waypoints from C:\Users\Lord\Feed the Beast\direwolf20_17\minecraft\journeymap\data\mp\Minecraft~Server\waypoints
[20:24:42] [Client thread/INFO] [ColorManager] Blocks and textures are current
[20:24:42] [Client thread/INFO] [JourneymapClient] Mapping started in C:\Users\Lord\Feed the Beast\direwolf20_17\minecraft\journeymap\data\mp\Minecraft~Server\DIM0. Memory: 2285MB total, 804MB free 
[20:24:42] [Client thread/INFO] [ChatLog] JourneyMap: Press [J]
[20:24:44] [JM-task-5/INFO] [VanillaColorHandler] Custom biome color will be used with BlockMD [DCsAppleMilk:defeatedcrow.clamSand:1] (CustomBiomeColor)
[20:25:07] [JM-task-5/INFO] [VanillaColorHandler] Custom biome color will be used with BlockMD [DCsAppleMilk:defeatedcrow.clamSand:2] (CustomBiomeColor)
[20:26:10] [Client thread/WARN] [StatTimer] TileDrawStep.updateRegionTexture was slow: 50.201266 (Warning limit reached)
[20:26:10] [Client thread/WARN] [StatTimer] TileDrawStep.updateRegionTexture: Avg:     0.09ms, Min:        0ms, Max:     129.99ms, Total:          1 sec, Count:    10601, Canceled:        0, Slow:       10
[20:26:12] [JM-task-5/INFO] [VanillaColorHandler] Custom biome color will be used with BlockMD [TConstruct:BattleSignBlock:1] (CustomBiomeColor)
[20:29:36] [Client thread/INFO] [JourneymapClient] Mapping halted in C:\Users\Lord\Feed the Beast\direwolf20_17\minecraft\journeymap\data\mp\Minecraft~Server\DIM0
[20:29:48] [Client thread/INFO] [WorldInfoHandler] Requesting World ID
[20:29:53] [Client thread/INFO] [WorldInfoHandler] Requesting World ID
[20:29:54] [Client thread/INFO] [WaypointStore] Loaded 32 waypoints from C:\Users\Lord\Feed the Beast\direwolf20_17\minecraft\journeymap\data\mp\Minecraft~Server\waypoints
[20:29:54] [Client thread/INFO] [ColorManager] Blocks and textures are current
[20:29:54] [Client thread/INFO] [JourneymapClient] Mapping started in C:\Users\Lord\Feed the Beast\direwolf20_17\minecraft\journeymap\data\mp\Minecraft~Server\DIM0. Memory: 2540MB total, 832MB free 
[20:57:52] [Client thread/INFO] [StatTimer] TileDrawStep.updateRegionTexture hit max count, 1000000
[20:57:54] [Client thread/INFO] [StatTimer] TileDrawStep.draw(low) hit max count, 1000000
[23:04:18] [Client thread/WARN] [FileHandler] Icon Set asset not found: /assets/journeymap/icon/entity/2D/thaumcraft/textures/models/pech_forage.png
[23:05:56] [Client thread/INFO] [JourneymapClient] Mapping halted in C:\Users\Lord\Feed the Beast\direwolf20_17\minecraft\journeymap\data\mp\Minecraft~Server\DIM0
[01:22:59] [Client thread/INFO] [WorldInfoHandler] Requesting World ID
[01:23:11] [Client thread/INFO] [WorldInfoHandler] Requesting World ID
[01:23:14] [Client thread/INFO] [WaypointStore] Loaded 32 waypoints from C:\Users\Lord\Feed the Beast\direwolf20_17\minecraft\journeymap\data\mp\Minecraft~Server\waypoints
[01:23:14] [Client thread/INFO] [ColorManager] Blocks and textures are current
[01:23:14] [Client thread/INFO] [JourneymapClient] Mapping started in C:\Users\Lord\Feed the Beast\direwolf20_17\minecraft\journeymap\data\mp\Minecraft~Server\DIM0. Memory: 3194MB total, 1046MB free 
[01:24:24] [Client thread/WARN] [StatTimer] TileDrawStep.updateRegionTexture was slow: 52.812362 (Warning limit reached)
[01:24:24] [Client thread/WARN] [StatTimer] TileDrawStep.updateRegionTexture: Avg:     0.05ms, Min:        0ms, Max:     679.06ms, Total:          2 sec, Count:    42439, Canceled:        0, Slow:       10
[01:54:22] [JM-task-73/INFO] [VanillaColorHandler] Custom biome color will be used with BlockMD [aobd:orebushPlatinum:8] (CustomBiomeColor)
[01:58:03] [Client thread/INFO] [StatTimer] TileDrawStep.updateRegionTexture hit max count, 1000000
[01:58:04] [Client thread/INFO] [StatTimer] TileDrawStep.draw(low) hit max count, 1000000
[01:58:58] [JM-task-73/INFO] [VanillaColorHandler] Custom biome color will be used with BlockMD [minecraft:reeds:1] (CustomBiomeColor)
[01:59:55] [Client thread/INFO] [JourneymapClient] Mapping halted in C:\Users\Lord\Feed the Beast\direwolf20_17\minecraft\journeymap\data\mp\Minecraft~Server\DIM0
[02:38:38] [Client thread/INFO] [WorldInfoHandler] Requesting World ID
[02:38:41] [Client thread/INFO] [WorldInfoHandler] Requesting World ID
[02:38:44] [Client thread/INFO] [WaypointStore] Loaded 32 waypoints from C:\Users\Lord\Feed the Beast\direwolf20_17\minecraft\journeymap\data\mp\Minecraft~Server\waypoints
[02:38:44] [Client thread/INFO] [ColorManager] Blocks and textures are current
[02:38:44] [Client thread/INFO] [JourneymapClient] Mapping started in C:\Users\Lord\Feed the Beast\direwolf20_17\minecraft\journeymap\data\mp\Minecraft~Server\DIM0. Memory: 3218MB total, 1469MB free 
[02:39:03] [JM-task-96/INFO] [VanillaColorHandler] Custom biome color will be used with BlockMD [minecraft:reeds:12] (CustomBiomeColor)
[02:39:03] [JM-task-96/INFO] [VanillaColorHandler] Custom biome color will be used with BlockMD [minecraft:reeds:10] (CustomBiomeColor)
[02:39:03] [JM-task-96/INFO] [VanillaColorHandler] Custom biome color will be used with BlockMD [minecraft:reeds:8] (CustomBiomeColor)
[02:39:03] [JM-task-96/INFO] [VanillaColorHandler] Custom biome color will be used with BlockMD [minecraft:reeds:6] (CustomBiomeColor)
[02:39:03] [JM-task-96/INFO] [VanillaColorHandler] Custom biome color will be used with BlockMD [minecraft:reeds:14] (CustomBiomeColor)
[02:39:03] [JM-task-96/INFO] [VanillaColorHandler] Custom biome color will be used with BlockMD [minecraft:reeds:9] (CustomBiomeColor)
[02:39:03] [JM-task-96/INFO] [VanillaColorHandler] Custom biome color will be used with BlockMD [minecraft:reeds:13] (CustomBiomeColor)
[02:41:04] [Client thread/WARN] [StatTimer] TileDrawStep.updateRegionTexture was slow: 194.33528 (Warning limit reached)
[02:41:04] [Client thread/WARN] [StatTimer] TileDrawStep.updateRegionTexture: Avg:     0.04ms, Min:        0ms, Max:     194.34ms, Total:          1 sec, Count:    40373, Canceled:        0, Slow:       10
[02:43:50] [JM-task-96/INFO] [VanillaColorHandler] Custom biome color will be used with BlockMD [minecraft:reeds:11] (CustomBiomeColor)
[02:43:50] [JM-task-96/INFO] [VanillaColorHandler] Custom biome color will be used with BlockMD [minecraft:reeds:15] (CustomBiomeColor)
[03:11:10] [JM-task-96/INFO] [VanillaColorHandler] Custom biome color will be used with BlockMD [aobd:orebushSilver:8] (CustomBiomeColor)
[03:11:20] [JM-task-96/INFO] [VanillaColorHandler] Custom biome color will be used with BlockMD [aobd:orebushNickel:8] (CustomBiomeColor)
[03:11:20] [JM-task-96/INFO] [VanillaColorHandler] Custom biome color will be used with BlockMD [aobd:orebushMithril:8] (CustomBiomeColor)
[03:18:56] [JM-task-96/INFO] [VanillaColorHandler] Custom biome color will be used with BlockMD [aobd:orebushMidasium:8] (CustomBiomeColor)
[03:18:59] [Client thread/INFO] [StatTimer] TileDrawStep.updateRegionTexture hit max count, 1000000
[03:19:00] [Client thread/INFO] [StatTimer] TileDrawStep.draw(low) hit max count, 1000000
[04:02:36] [Client thread/INFO] [JourneymapClient] Mapping halted in C:\Users\Lord\Feed the Beast\direwolf20_17\minecraft\journeymap\data\mp\Minecraft~Server\DIM0
[04:09:11] [Client thread/INFO] [WorldInfoHandler] Requesting World ID
[04:09:15] [Client thread/INFO] [WorldInfoHandler] Requesting World ID
[04:09:17] [Client thread/INFO] [WaypointStore] Loaded 32 waypoints from C:\Users\Lord\Feed the Beast\direwolf20_17\minecraft\journeymap\data\mp\Minecraft~Server\waypoints
[04:09:17] [Client thread/INFO] [ColorManager] Blocks and textures are current
[04:09:17] [Client thread/INFO] [JourneymapClient] Mapping started in C:\Users\Lord\Feed the Beast\direwolf20_17\minecraft\journeymap\data\mp\Minecraft~Server\DIM0. Memory: 3320MB total, 1510MB free 
[04:09:18] [Client thread/INFO] [JourneymapClient] Mapping halted in C:\Users\Lord\Feed the Beast\direwolf20_17\minecraft\journeymap\data\mp\Minecraft~Server\DIM0
[04:19:34] [Client thread/INFO] [WorldInfoHandler] Requesting World ID
[04:19:39] [Client thread/INFO] [WorldInfoHandler] Requesting World ID
[04:19:40] [Client thread/INFO] [WaypointStore] Loaded 32 waypoints from C:\Users\Lord\Feed the Beast\direwolf20_17\minecraft\journeymap\data\mp\Minecraft~Server\waypoints
[04:19:40] [Client thread/INFO] [ColorManager] Blocks and textures are current
[04:19:40] [Client thread/INFO] [JourneymapClient] Mapping started in C:\Users\Lord\Feed the Beast\direwolf20_17\minecraft\journeymap\data\mp\Minecraft~Server\DIM0. Memory: 3305MB total, 1482MB free 
[04:21:37] [Client thread/WARN] [StatTimer] TileDrawStep.updateRegionTexture was slow: 55.047037 (Warning limit reached)
[04:21:37] [Client thread/WARN] [StatTimer] TileDrawStep.updateRegionTexture: Avg:     0.02ms, Min:        0ms, Max:      88.37ms, Total:          1 sec, Count:    60604, Canceled:        0, Slow:       10
